<html>
<body>
<pre>
<h1>Vision Build Log</h1>
<h2>Project:</h2>
E:\项目\Open4X9I-C\program\Open4X9I-C\Project\USB FS\USB_Device_Examples\HID\MDK-ARM\Project.uvproj
Project File Date:  07/09/2014

<h2>Output:</h2>
Build target 'STM32F429_439xx'
linking...
Program Size: Code=6036 RO-data=11164 RW-data=64 ZI-data=1024  
".\STM32F429_439xx\STM32F429_439xx.axf" - 0 Error(s), 0 Warning(s).
Load "E:\\项目\\Open4X9I-C\\program\\Open4X9I-C\\Project\\USB FS\\USB_Device_Examples\\HID\\MDK-ARM\\STM32F429_439xx\\STM32F429_439xx.axf" 
Erase Done.
Programming Done.
Verify OK.
Application running ...
</pre>
</body>
</html>
ror messages.
".\STM32F429_439xx\STM32F429_439xx.axf" - 2 Error(s), 0 Warning(s).
Target not created
tern _ARMABI int snprintf(char * __restrict /*s*/, size_t /*n*/,
D:\Keil\ARM\ARMCC\bin\..\include\stdio.h(419): error:  #20: identifier "size_t" is undefined
  extern _ARMABI int _snprintf(char * __restrict /*s*/, size_t /*n*/,
D:\Keil\ARM\ARMCC\bin\..\include\stdio.h(552): error:  #20: identifier "size_t" is undefined
  extern _ARMABI int vsnprintf(char * __restrict /*s*/, size_t /*n*/,
D:\Keil\ARM\ARMCC\bin\..\include\stdio.h(578): error:  #20: identifier "size_t" is undefined
  extern _ARMABI int _vsnprintf(char * __restrict /*s*/, size_t /*n*/,
D:\Keil\ARM\ARMCC\bin\..\include\stdio.h(714): error:  #20: identifier "size_t" is undefined
  extern _ARMABI size_t fread(void * __restrict /*ptr*/,
D:\Keil\ARM\ARMCC\bin\..\include\stdio.h(715): error:  #20: identifier "size_t" is undefined
                      size_t /*size*/, size_t /*nmemb*/, FILE * __restrict /*stream*/) __attribute__((__nonnull__(1,4)));
D:\Keil\ARM\ARMCC\bin\..\include\stdio.h(715): error:  #20: identifier "size_t" is undefined
                      size_t /*size*/, size_t /*nmemb*/, FILE * __restrict /*stream*/) __attribute__((__nonnull__(1,4)));
D:\Keil\ARM\ARMCC\bin\..\include\stdio.h(730): error:  #20: identifier "size_t" is undefined
  extern _ARMABI size_t __fread_bytes_avail(void * __restrict /*ptr*/,
D:\Keil\ARM\ARMCC\bin\..\include\stdio.h(731): error:  #20: identifier "size_t" is undefined
                      size_t /*count*/, FILE * __restrict /*stream*/) __attribute__((__nonnull__(1,3)));
D:\Keil\ARM\ARMCC\bin\..\include\stdio.h(746): error:  #20: identifier "size_t" is undefined
  extern _ARMABI size_t fwrite(const void * __restrict /*ptr*/,
D:\Keil\ARM\ARMCC\bin\..\include\stdio.h(747): error:  #20: identifier "size_t" is undefined
                      size_t /*size*/, size_t /*nmemb*/, FILE * __restrict /*stream*/) __attribute__((__nonnull__(1,4)));
D:\Keil\ARM\ARMCC\bin\..\include\stdio.h(747): error:  #20: identifier "size_t" is undefined
                      size_t /*size*/, size_t /*nmemb*/, FILE * __restrict /*stream*/) __attribute__((__nonnull__(1,4)));
..\main.c: 0 warnings, 15 errors
compiling 32f429_lcd.c...
compiling 32f429_sdram.c...
".\STM32F429_439xx\STM32F429_439xx.axf" - 15 Error(s), 0 Warning(s).
Target not created
